{"numTotalTestSuites":15,"numPassedTestSuites":12,"numFailedTestSuites":3,"numPendingTestSuites":0,"numTotalTests":39,"numPassedTests":38,"numFailedTests":1,"numPendingTests":0,"numTodoTests":0,"snapshot":{"added":0,"failure":false,"filesAdded":0,"filesRemoved":0,"filesRemovedList":[],"filesUnmatched":0,"filesUpdated":0,"matched":0,"total":0,"unchecked":0,"uncheckedKeysByFile":[],"unmatched":0,"updated":0,"didUpdate":false},"startTime":1730300488946,"success":false,"testResults":[{"assertionResults":[{"ancestorTitles":["createScorecard"],"fullName":"createScorecard should create a Scorecard for a GitHub URL","status":"failed","title":"should create a Scorecard for a GitHub URL","duration":6.742440999999985,"failureMessages":["RangeError: The value of \"fd\" is out of range. It must be >= 0 && <= 2147483647. Received -1\n    at Object.write (node:fs:827:8)\n    at SonicBoom.actualWrite [as _actualWrite] (/home/joe/Documents/school/ECE461/Trustworthy-Module-Registry/node_modules/sonic-boom/index.js:632:8)\n    at SonicBoom.write (/home/joe/Documents/school/ECE461/Trustworthy-Module-Registry/node_modules/sonic-boom/index.js:322:10)\n    at Pino.write (/home/joe/Documents/school/ECE461/Trustworthy-Module-Registry/node_modules/pino/lib/proto.js:217:10)\n    at Pino.LOG [as info] (/home/joe/Documents/school/ECE461/Trustworthy-Module-Registry/node_modules/pino/lib/tools.js:71:21)\n    at Module.createScorecard (/home/joe/Documents/school/ECE461/Trustworthy-Module-Registry/src/models/evaluators/createScorecard.ts:22:12)\n    at /home/joe/Documents/school/ECE461/Trustworthy-Module-Registry/tests/evaluators/createScorecard.test.ts:31:29\n    at file:///home/joe/Documents/school/ECE461/Trustworthy-Module-Registry/node_modules/@vitest/runner/dist/index.js:146:14\n    at file:///home/joe/Documents/school/ECE461/Trustworthy-Module-Registry/node_modules/@vitest/runner/dist/index.js:529:11\n    at runWithTimeout (file:///home/joe/Documents/school/ECE461/Trustworthy-Module-Registry/node_modules/@vitest/runner/dist/index.js:61:7)"],"meta":{}},{"ancestorTitles":["createScorecard"],"fullName":"createScorecard should create a Scorecard for an npm URL","status":"passed","title":"should create a Scorecard for an npm URL","duration":1.502192999999977,"failureMessages":[],"meta":{}},{"ancestorTitles":["createScorecard"],"fullName":"createScorecard should throw an error for an invalid URL","status":"passed","title":"should throw an error for an invalid URL","duration":1.5444810000000189,"failureMessages":[],"meta":{}},{"ancestorTitles":["createScorecard"],"fullName":"createScorecard should handle npm URL with repository URL ending with .git","status":"passed","title":"should handle npm URL with repository URL ending with .git","duration":0.48491999999998825,"failureMessages":[],"meta":{}},{"ancestorTitles":["createScorecard"],"fullName":"createScorecard should handle npm URL when repository URL is not provided","status":"passed","title":"should handle npm URL when repository URL is not provided","duration":0.33256499999998823,"failureMessages":[],"meta":{}}],"startTime":1730300489371,"endTime":1730300489382.3325,"status":"failed","message":"","name":"/home/joe/Documents/school/ECE461/Trustworthy-Module-Registry/tests/evaluators/createScorecard.test.ts"},{"assertionResults":[{"ancestorTitles":["evaluateModule"],"fullName":"evaluateModule should evaluate all metrics and return results","status":"passed","title":"should evaluate all metrics and return results","duration":11.197463999999968,"failureMessages":[],"meta":{}},{"ancestorTitles":["evaluateModule"],"fullName":"evaluateModule should handle errors from createScorecard","status":"passed","title":"should handle errors from createScorecard","duration":2.0001549999999497,"failureMessages":[],"meta":{}}],"startTime":1730300489518,"endTime":1730300489531.0002,"status":"passed","message":"","name":"/home/joe/Documents/school/ECE461/Trustworthy-Module-Registry/tests/evaluators/evaluateModule.test.ts"},{"assertionResults":[],"startTime":1730300488946,"endTime":1730300488946,"status":"failed","message":"Transform failed with 1 error:\n/home/joe/Documents/school/ECE461/Trustworthy-Module-Registry/tests/express/express.test.ts:1:17: ERROR: Expected \"as\" but found \",\"","name":"/home/joe/Documents/school/ECE461/Trustworthy-Module-Registry/tests/express/express.test.ts"},{"assertionResults":[{"ancestorTitles":["BusFactorMetric"],"fullName":"BusFactorMetric should set bus factor to 0 when top contributor has ≥ 80% contributions","status":"passed","title":"should set bus factor to 0 when top contributor has ≥ 80% contributions","duration":3.882286000000022,"failureMessages":[],"meta":{}},{"ancestorTitles":["BusFactorMetric"],"fullName":"BusFactorMetric should set bus factor to 0.2 when top contributor has ≥ 60% contributions","status":"passed","title":"should set bus factor to 0.2 when top contributor has ≥ 60% contributions","duration":0.6295680000000061,"failureMessages":[],"meta":{}},{"ancestorTitles":["BusFactorMetric"],"fullName":"BusFactorMetric should set bus factor to 0.5 when top contributor has ≥ 40% contributions","status":"passed","title":"should set bus factor to 0.5 when top contributor has ≥ 40% contributions","duration":0.5068130000000224,"failureMessages":[],"meta":{}},{"ancestorTitles":["BusFactorMetric"],"fullName":"BusFactorMetric should set bus factor to 1 when top contributor has < 40% contributions","status":"passed","title":"should set bus factor to 1 when top contributor has < 40% contributions","duration":0.4759740000000079,"failureMessages":[],"meta":{}},{"ancestorTitles":["BusFactorMetric"],"fullName":"BusFactorMetric should handle no contributors and set bus factor to 0","status":"passed","title":"should handle no contributors and set bus factor to 0","duration":0.46558499999997593,"failureMessages":[],"meta":{}},{"ancestorTitles":["BusFactorMetric"],"fullName":"BusFactorMetric should handle errors from GitHub API and set bus factor to 0","status":"passed","title":"should handle errors from GitHub API and set bus factor to 0","duration":0.8641840000000229,"failureMessages":[],"meta":{}},{"ancestorTitles":["BusFactorMetric"],"fullName":"BusFactorMetric should calculate and set busFactor_Latency","status":"passed","title":"should calculate and set busFactor_Latency","duration":101.18062000000003,"failureMessages":[],"meta":{}}],"startTime":1730300489344,"endTime":1730300489452.1807,"status":"passed","message":"","name":"/home/joe/Documents/school/ECE461/Trustworthy-Module-Registry/tests/metrics/busfactorMetric.test.ts"},{"assertionResults":[{"ancestorTitles":["CorrectnessMetric"],"fullName":"CorrectnessMetric should set correctness score to 0.6 when tests are present and bug score is high","status":"passed","title":"should set correctness score to 0.6 when tests are present and bug score is high","duration":4.75060400000001,"failureMessages":[],"meta":{}},{"ancestorTitles":["CorrectnessMetric"],"fullName":"CorrectnessMetric should set correctness score to 0.5 when tests are absent and bug score is neutral","status":"passed","title":"should set correctness score to 0.5 when tests are absent and bug score is neutral","duration":0.9324810000000525,"failureMessages":[],"meta":{}},{"ancestorTitles":["CorrectnessMetric"],"fullName":"CorrectnessMetric should handle missing package.json and set correctness score based on bugs","status":"passed","title":"should handle missing package.json and set correctness score based on bugs","duration":1.0680919999999787,"failureMessages":[],"meta":{}},{"ancestorTitles":["CorrectnessMetric"],"fullName":"CorrectnessMetric should handle errors during test check and assign default score","status":"passed","title":"should handle errors during test check and assign default score","duration":0.8033709999999701,"failureMessages":[],"meta":{}},{"ancestorTitles":["CorrectnessMetric"],"fullName":"CorrectnessMetric should handle errors during bug analysis and assign default score","status":"passed","title":"should handle errors during bug analysis and assign default score","duration":0.5497119999999995,"failureMessages":[],"meta":{}},{"ancestorTitles":["CorrectnessMetric"],"fullName":"CorrectnessMetric should handle total correctness score exceeding 1 by capping it at 1","status":"passed","title":"should handle total correctness score exceeding 1 by capping it at 1","duration":0.4411269999999945,"failureMessages":[],"meta":{}}],"startTime":1730300489343,"endTime":1730300489351.5498,"status":"passed","message":"","name":"/home/joe/Documents/school/ECE461/Trustworthy-Module-Registry/tests/metrics/correctnessMetric.test.ts"},{"assertionResults":[{"ancestorTitles":["LicenseMetric"],"fullName":"LicenseMetric should set license to 1 if approved license is found in LICENSE file","status":"passed","title":"should set license to 1 if approved license is found in LICENSE file","duration":3.922982999999988,"failureMessages":[],"meta":{}},{"ancestorTitles":["LicenseMetric"],"fullName":"LicenseMetric should set license to 0 if no LICENSE file is found","status":"passed","title":"should set license to 0 if no LICENSE file is found","duration":1.233288000000016,"failureMessages":[],"meta":{}},{"ancestorTitles":["LicenseMetric"],"fullName":"LicenseMetric should set license to 1 if approved license is found in README file","status":"passed","title":"should set license to 1 if approved license is found in README file","duration":2.68133499999999,"failureMessages":[],"meta":{}},{"ancestorTitles":["LicenseMetric"],"fullName":"LicenseMetric should set license to 0 if no approved license is found in README file","status":"passed","title":"should set license to 0 if no approved license is found in README file","duration":1.0534639999999627,"failureMessages":[],"meta":{}},{"ancestorTitles":["LicenseMetric"],"fullName":"LicenseMetric should handle errors and set license to 0","status":"passed","title":"should handle errors and set license to 0","duration":3.129677000000015,"failureMessages":[],"meta":{}}],"startTime":1730300489466,"endTime":1730300489479.1296,"status":"passed","message":"","name":"/home/joe/Documents/school/ECE461/Trustworthy-Module-Registry/tests/metrics/licenseMetric.test.ts"},{"assertionResults":[{"ancestorTitles":["MaintainersMetric"],"fullName":"MaintainersMetric should set responsiveMaintainer to 1 when average response time ≤ 72 hours","status":"passed","title":"should set responsiveMaintainer to 1 when average response time ≤ 72 hours","duration":4.323307999999997,"failureMessages":[],"meta":{}},{"ancestorTitles":["MaintainersMetric"],"fullName":"MaintainersMetric should set responsiveMaintainer to 0.7 when average response time ≤ 168 hours","status":"passed","title":"should set responsiveMaintainer to 0.7 when average response time ≤ 168 hours","duration":0.7094840000000318,"failureMessages":[],"meta":{}},{"ancestorTitles":["MaintainersMetric"],"fullName":"MaintainersMetric should set responsiveMaintainer to 0.4 when average response time ≤ 336 hours","status":"passed","title":"should set responsiveMaintainer to 0.4 when average response time ≤ 336 hours","duration":0.8568009999999617,"failureMessages":[],"meta":{}},{"ancestorTitles":["MaintainersMetric"],"fullName":"MaintainersMetric should set responsiveMaintainer to 0 when average response time > 336 hours","status":"passed","title":"should set responsiveMaintainer to 0 when average response time > 336 hours","duration":2.556905000000029,"failureMessages":[],"meta":{}},{"ancestorTitles":["MaintainersMetric"],"fullName":"MaintainersMetric should set responsiveMaintainer to 1 when no issues are found","status":"passed","title":"should set responsiveMaintainer to 1 when no issues are found","duration":0.5410640000000058,"failureMessages":[],"meta":{}},{"ancestorTitles":["MaintainersMetric"],"fullName":"MaintainersMetric should handle errors gracefully and set responsiveMaintainer to 0","status":"passed","title":"should handle errors gracefully and set responsiveMaintainer to 0","duration":0.9768889999999715,"failureMessages":[],"meta":{}},{"ancestorTitles":["MaintainersMetric"],"fullName":"MaintainersMetric should handle issues with no maintainer responses","status":"passed","title":"should handle issues with no maintainer responses","duration":0.5723209999999881,"failureMessages":[],"meta":{}},{"ancestorTitles":["MaintainersMetric"],"fullName":"MaintainersMetric should calculate and set responsiveMaintainer_Latency","status":"passed","title":"should calculate and set responsiveMaintainer_Latency","duration":101.13572800000003,"failureMessages":[],"meta":{}}],"startTime":1730300489344,"endTime":1730300489456.1357,"status":"passed","message":"","name":"/home/joe/Documents/school/ECE461/Trustworthy-Module-Registry/tests/metrics/maintainersMetric.test.ts"},{"assertionResults":[{"ancestorTitles":["RampUpMetric"],"fullName":"RampUpMetric should initialize correctly","status":"passed","title":"should initialize correctly","duration":2.2073100000000068,"failureMessages":[],"meta":{}},{"ancestorTitles":["RampUpMetric"],"fullName":"RampUpMetric should return a score of 0 if the repository has no README","status":"passed","title":"should return a score of 0 if the repository has no README","duration":1.4614589999999907,"failureMessages":[],"meta":{}},{"ancestorTitles":["RampUpMetric"],"fullName":"RampUpMetric should set ramp up score to 1 if README contains all important sections","status":"passed","title":"should set ramp up score to 1 if README contains all important sections","duration":13.06692099999998,"failureMessages":[],"meta":{}},{"ancestorTitles":["RampUpMetric"],"fullName":"RampUpMetric should set ramp up score to 0.2 if README contains more than two code blocks","status":"passed","title":"should set ramp up score to 0.2 if README contains more than two code blocks","duration":3.029290000000003,"failureMessages":[],"meta":{}},{"ancestorTitles":["RampUpMetric"],"fullName":"RampUpMetric should set ramp up score to 0.1 if README contains few linting errors","status":"passed","title":"should set ramp up score to 0.1 if README contains few linting errors","duration":3.236206999999979,"failureMessages":[],"meta":{}},{"ancestorTitles":["RampUpMetric"],"fullName":"RampUpMetric should set ramp up score to 0.1 if README contains more than 5 links","status":"passed","title":"should set ramp up score to 0.1 if README contains more than 5 links","duration":17.60034999999999,"failureMessages":[],"meta":{}}],"startTime":1730300489408,"endTime":1730300489448.6003,"status":"passed","message":"","name":"/home/joe/Documents/school/ECE461/Trustworthy-Module-Registry/tests/metrics/rampupMetric.test.ts"}]}